254704539968071, [1] [11:12:06.264][INFO] [main] swim.remote.RemoteWarpUplink.feedUp(RemoteWarpUplink.java:220) Old status & pulling up is zero <@@@@@@@@@@@@@@@@@@>
254704540343826, [1] [11:12:06.264][INFO] [main] swim.remote.RemoteWarpUplink.feedUp(RemoteWarpUplink.java:228) Starting feeding up. Old status: 0, new status: 100 <@@@@@@@@@@@@@@@@@@>
254704541488030, [1] [11:12:06.265][INFO] [main] swim.io.warp.WarpWebSocket.generateDemand(WarpWebSocket.java:359) Starting generating demand
254704541624166, [1] [11:12:06.265][INFO] [main] swim.remote.RemoteWarpUplink.feedUp(RemoteWarpUplink.java:223) Old status & pulling up is not equal to zero
254704541678520, [1] [11:12:06.265][INFO] [main] swim.remote.RemoteWarpUplink.feedUp(RemoteWarpUplink.java:231) Already feeding up. Old status: 100, new status: 110 <@@@@@@@@@@@@@@@@@@>
254704593063126, [1] [11:12:06.317][INFO] [SwimKernel0] swim.io.warp.WarpWebSocket.generateDemand(WarpWebSocket.java:359) Starting generating demand
254704593150096, [1] [11:12:06.317][INFO] [SwimKernel0] swim.io.warp.WarpWebSocket.generateDemand(WarpWebSocket.java:399) Finished generating demand
254704593815564, [1] [11:12:06.317][INFO] [SwimKernel1] swim.io.warp.WarpWebSocket.generateDemand(WarpWebSocket.java:359) Starting generating demand
254704596301804, [1] [11:12:06.320][INFO] [SwimKernel1] swim.remote.RemoteWarpUplink.pushUp(RemoteWarpUplink.java:244) pushUp() called
254704596387970, [1] [11:12:06.320][INFO] [SwimKernel1] swim.remote.RemoteWarpUplink.pushUp(RemoteWarpUplink.java:255) pushUp() status: 10
254704597858721, [1] [11:12:06.321][INFO] [SwimKernel1] swim.io.warp.WarpWebSocket.generateDemand(WarpWebSocket.java:399) Finished generating demand
254704615617826, [1] [11:12:06.339][INFO] [SwimKernel0] swim.io.warp.WarpWebSocket.generateDemand(WarpWebSocket.java:359) Starting generating demand
254704615653020, [1] [11:12:06.339][INFO] [SwimKernel0] swim.io.warp.WarpWebSocket.generateDemand(WarpWebSocket.java:399) Finished generating demand
254704615745541, [1] [11:12:06.339][INFO] [SwimKernel0] swim.io.warp.WarpWebSocket.generateDemand(WarpWebSocket.java:359) Starting generating demand
254704615795210, [1] [11:12:06.339][INFO] [SwimKernel0] swim.io.warp.WarpWebSocket.generateDemand(WarpWebSocket.java:399) Finished generating demand
254704714991087, [1] [11:12:06.439][INFO] [SwimKernel1] swim.io.warp.WarpWebSocket.generateDemand(WarpWebSocket.java:359) Starting generating demand
254704715422192, [1] [11:12:06.439][INFO] [SwimKernel1] swim.io.warp.WarpWebSocket.generateDemand(WarpWebSocket.java:399) Finished generating demand
254704716140267, [1] [11:12:06.440][INFO] [SwimKernel0] swim.io.warp.WarpWebSocket.generateDemand(WarpWebSocket.java:359) Starting generating demand
254704716244419, [1] [11:12:06.440][INFO] [SwimKernel0] swim.io.warp.WarpWebSocket.generateDemand(WarpWebSocket.java:399) Finished generating demand
254704716709976, [1] [11:12:06.440][INFO] [SwimKernel1] swim.io.warp.WarpWebSocket.generateDemand(WarpWebSocket.java:359) Starting generating demand
254704716770579, [1] [11:12:06.440][INFO] [SwimKernel1] swim.io.warp.WarpWebSocket.generateDemand(WarpWebSocket.java:399) Finished generating demand
254704716895440, [1] [11:12:06.440][INFO] [SwimKernel1] swim.io.warp.WarpWebSocket.generateDemand(WarpWebSocket.java:359) Starting generating demand
254704716941632, [1] [11:12:06.441][INFO] [SwimKernel1] swim.io.warp.WarpWebSocket.generateDemand(WarpWebSocket.java:399) Finished generating demand
254704718290865, [1] [11:12:06.442][INFO] [SwimKernel0] swim.io.warp.WarpWebSocket.generateDemand(WarpWebSocket.java:359) Starting generating demand
254704718352459, [1] [11:12:06.442][INFO] [SwimKernel0] swim.io.warp.WarpWebSocket.generateDemand(WarpWebSocket.java:399) Finished generating demand
254704718474635, [1] [11:12:06.442][INFO] [SwimKernel0] swim.io.warp.WarpWebSocket.generateDemand(WarpWebSocket.java:359) Starting generating demand
254704718526443, [1] [11:12:06.442][INFO] [SwimKernel0] swim.io.warp.WarpWebSocket.generateDemand(WarpWebSocket.java:399) Finished generating demand
254704720677915, [1] [11:12:06.444][INFO] [main] swim.remote.RemoteWarpUplink.feedUp(RemoteWarpUplink.java:220) Old status & pulling up is zero <@@@@@@@@@@@@@@@@@@>
254704720732672, [1] [11:12:06.444][INFO] [main] swim.remote.RemoteWarpUplink.feedUp(RemoteWarpUplink.java:228) Starting feeding up. Old status: 0, new status: 100 <@@@@@@@@@@@@@@@@@@>
254704720841424, [1] [11:12:06.444][INFO] [main] swim.io.warp.WarpWebSocket.generateDemand(WarpWebSocket.java:359) Starting generating demand
254704720926318, [1] [11:12:06.444][INFO] [main] swim.remote.RemoteWarpUplink.pushUp(RemoteWarpUplink.java:244) pushUp() called
254704720975871, [1] [11:12:06.445][INFO] [main] swim.remote.RemoteWarpUplink.pushUp(RemoteWarpUplink.java:255) pushUp() status: 0
254704721070676, [1] [11:12:06.445][INFO] [main] swim.io.warp.WarpWebSocket.generateDemand(WarpWebSocket.java:399) Finished generating demand
254704721693159, [1] [11:12:06.445][INFO] [SwimKernel0] swim.io.warp.WarpWebSocket.generateDemand(WarpWebSocket.java:359) Starting generating demand
254704721758968, [1] [11:12:06.445][INFO] [SwimKernel0] swim.io.warp.WarpWebSocket.generateDemand(WarpWebSocket.java:399) Finished generating demand
254704721880734, [1] [11:12:06.445][INFO] [SwimKernel0] swim.io.warp.WarpWebSocket.generateDemand(WarpWebSocket.java:359) Starting generating demand
254704721931960, [1] [11:12:06.445][INFO] [SwimKernel0] swim.io.warp.WarpWebSocket.generateDemand(WarpWebSocket.java:399) Finished generating demand
254704724032615, [1] [11:12:06.448][INFO] [SwimKernel2] swim.io.warp.WarpWebSocket.generateDemand(WarpWebSocket.java:359) Starting generating demand
254704724178245, [1] [11:12:06.448][INFO] [SwimKernel2] swim.io.warp.WarpWebSocket.generateDemand(WarpWebSocket.java:399) Finished generating demand
254704724390384, [1] [11:12:06.448][INFO] [SwimKernel0] swim.io.warp.WarpWebSocket.generateDemand(WarpWebSocket.java:359) Starting generating demand
254704724475335, [1] [11:12:06.448][INFO] [SwimKernel0] swim.io.warp.WarpWebSocket.generateDemand(WarpWebSocket.java:399) Finished generating demand
254704724851868, [1] [11:12:06.448][INFO] [SwimKernel2] swim.io.warp.WarpWebSocket.generateDemand(WarpWebSocket.java:359) Starting generating demand
254704724911668, [1] [11:12:06.448][INFO] [SwimKernel2] swim.io.warp.WarpWebSocket.generateDemand(WarpWebSocket.java:399) Finished generating demand
254704725241536, [1] [11:12:06.449][INFO] [SwimKernel2] swim.io.warp.WarpWebSocket.generateDemand(WarpWebSocket.java:359) Starting generating demand
254704725292459, [1] [11:12:06.449][INFO] [SwimKernel2] swim.io.warp.WarpWebSocket.generateDemand(WarpWebSocket.java:399) Finished generating demand
254704725407784, [1] [11:12:06.449][INFO] [SwimKernel2] swim.io.warp.WarpWebSocket.generateDemand(WarpWebSocket.java:359) Starting generating demand
254704725456136, [1] [11:12:06.449][INFO] [SwimKernel2] swim.io.warp.WarpWebSocket.generateDemand(WarpWebSocket.java:399) Finished generating demand
254704731679053, [1] [11:12:06.455][INFO] [main] swim.remote.RemoteWarpUplink.feedUp(RemoteWarpUplink.java:220) Old status & pulling up is zero <@@@@@@@@@@@@@@@@@@>
254704731744770, [1] [11:12:06.455][INFO] [main] swim.remote.RemoteWarpUplink.feedUp(RemoteWarpUplink.java:228) Starting feeding up. Old status: 0, new status: 100 <@@@@@@@@@@@@@@@@@@>
254704731863838, [1] [11:12:06.455][INFO] [main] swim.io.warp.WarpWebSocket.generateDemand(WarpWebSocket.java:359) Starting generating demand
254704731960528, [1] [11:12:06.456][INFO] [main] swim.remote.RemoteWarpUplink.pushUp(RemoteWarpUplink.java:244) pushUp() called
254704732014296, [1] [11:12:06.456][INFO] [main] swim.remote.RemoteWarpUplink.pushUp(RemoteWarpUplink.java:255) pushUp() status: 0
254704732121863, [1] [11:12:06.456][INFO] [main] swim.io.warp.WarpWebSocket.generateDemand(WarpWebSocket.java:399) Finished generating demand
254704732933383, [1] [11:12:06.457][INFO] [SwimKernel0] swim.io.warp.WarpWebSocket.generateDemand(WarpWebSocket.java:359) Starting generating demand
254704732998679, [1] [11:12:06.457][INFO] [SwimKernel0] swim.io.warp.WarpWebSocket.generateDemand(WarpWebSocket.java:399) Finished generating demand
254704733129388, [1] [11:12:06.457][INFO] [SwimKernel0] swim.io.warp.WarpWebSocket.generateDemand(WarpWebSocket.java:359) Starting generating demand
254704733177949, [1] [11:12:06.457][INFO] [SwimKernel0] swim.io.warp.WarpWebSocket.generateDemand(WarpWebSocket.java:399) Finished generating demand
254704745615226, [1] [11:12:06.469][INFO] [SwimKernel2] swim.io.warp.WarpWebSocket.generateDemand(WarpWebSocket.java:359) Starting generating demand
254704745703422, [1] [11:12:06.469][INFO] [SwimKernel2] swim.io.warp.WarpWebSocket.generateDemand(WarpWebSocket.java:399) Finished generating demand
254704749959933, [1] [11:12:06.474][INFO] [SwimKernel0] swim.remote.RemoteWarpUplink.feedUp(RemoteWarpUplink.java:220) Old status & pulling up is zero <@@@@@@@@@@@@@@@@@@>
254704750027139, [1] [11:12:06.474][INFO] [SwimKernel0] swim.remote.RemoteWarpUplink.feedUp(RemoteWarpUplink.java:228) Starting feeding up. Old status: 0, new status: 100 <@@@@@@@@@@@@@@@@@@>
254704750175458, [1] [11:12:06.474][INFO] [SwimKernel0] swim.io.warp.WarpWebSocket.generateDemand(WarpWebSocket.java:359) Starting generating demand
254704750266328, [1] [11:12:06.474][INFO] [SwimKernel0] swim.remote.RemoteWarpUplink.feedUp(RemoteWarpUplink.java:223) Old status & pulling up is not equal to zero
254704750327721, [1] [11:12:06.474][INFO] [SwimKernel0] swim.remote.RemoteWarpUplink.feedUp(RemoteWarpUplink.java:231) Already feeding up. Old status: 100, new status: 110 <@@@@@@@@@@@@@@@@@@>
254704751488268, [1] [11:12:06.475][INFO] [SwimKernel0] swim.remote.RemoteWarpUplink.feedUp(RemoteWarpUplink.java:220) Old status & pulling up is zero <@@@@@@@@@@@@@@@@@@>
254704751590887, [1] [11:12:06.475][INFO] [SwimKernel0] swim.remote.RemoteWarpUplink.feedUp(RemoteWarpUplink.java:228) Starting feeding up. Old status: 0, new status: 100 <@@@@@@@@@@@@@@@@@@>
254704751811318, [1] [11:12:06.475][INFO] [SwimKernel0] swim.io.warp.WarpWebSocket.generateDemand(WarpWebSocket.java:359) Starting generating demand
254704751894961, [1] [11:12:06.475][INFO] [SwimKernel0] swim.remote.RemoteWarpUplink.feedUp(RemoteWarpUplink.java:223) Old status & pulling up is not equal to zero
254704751975157, [1] [11:12:06.476][INFO] [SwimKernel0] swim.remote.RemoteWarpUplink.feedUp(RemoteWarpUplink.java:231) Already feeding up. Old status: 100, new status: 110 <@@@@@@@@@@@@@@@@@@>
254704752069919, [1] [11:12:06.476][INFO] [SwimKernel2] swim.io.warp.WarpWebSocket.generateDemand(WarpWebSocket.java:359) Starting generating demand
254704752303148, [1] [11:12:06.476][INFO] [SwimKernel0] swim.io.warp.WarpWebSocket.generateDemand(WarpWebSocket.java:359) Starting generating demand
254704752320955, [1] [11:12:06.476][INFO] [SwimKernel2] swim.io.warp.WarpWebSocket.generateDemand(WarpWebSocket.java:399) Finished generating demand
254704752447157, [1] [11:12:06.476][INFO] [SwimKernel0] swim.io.warp.WarpWebSocket.generateDemand(WarpWebSocket.java:399) Finished generating demand
254704752540335, [1] [11:12:06.476][INFO] [SwimKernel1] swim.io.warp.WarpWebSocket.generateDemand(WarpWebSocket.java:359) Starting generating demand
254704753004854, [1] [11:12:06.477][INFO] [SwimKernel1] swim.remote.RemoteWarpUplink.pushUp(RemoteWarpUplink.java:244) pushUp() called
254704753058505, [1] [11:12:06.477][INFO] [SwimKernel1] swim.remote.RemoteWarpUplink.pushUp(RemoteWarpUplink.java:255) pushUp() status: 10
254704753372255, [1] [11:12:06.477][INFO] [SwimKernel1] swim.remote.RemoteWarpUplink.pushUp(RemoteWarpUplink.java:244) pushUp() called
254704753404770, [1] [11:12:06.477][INFO] [SwimKernel3] swim.io.warp.WarpWebSocket.generateDemand(WarpWebSocket.java:359) Starting generating demand
254704753456473, [1] [11:12:06.477][INFO] [SwimKernel3] swim.io.warp.WarpWebSocket.generateDemand(WarpWebSocket.java:399) Finished generating demand
254704753454706, [2] [11:12:06.477][INFO] [SwimKernel1] swim.remote.RemoteWarpUplink.pushUp(RemoteWarpUplink.java:255) pushUp() status: 10 <----------
254704753831295, [1] [11:12:06.477][INFO] [SwimKernel3] swim.io.warp.WarpWebSocket.generateDemand(WarpWebSocket.java:359) Starting generating demand
254704753922404, [1] [11:12:06.477][INFO] [SwimKernel3] swim.io.warp.WarpWebSocket.generateDemand(WarpWebSocket.java:399) Finished generating demand
254704753959926, [1] [11:12:06.478][INFO] [SwimKernel5] swim.io.warp.WarpWebSocket.generateDemand(WarpWebSocket.java:359) Starting generating demand
254704754011525, [1] [11:12:06.478][INFO] [SwimKernel5] swim.io.warp.WarpWebSocket.generateDemand(WarpWebSocket.java:399) Finished generating demand
254704754064663, [1] [11:12:06.478][INFO] [SwimKernel3] swim.io.warp.WarpWebSocket.generateDemand(WarpWebSocket.java:359) Starting generating demand
254704754258952, [1] [11:12:06.478][INFO] [SwimKernel3] swim.io.warp.WarpWebSocket.generateDemand(WarpWebSocket.java:399) Finished generating demand
254704754566208, [1] [11:12:06.478][INFO] [SwimKernel5] swim.io.warp.WarpWebSocket.generateDemand(WarpWebSocket.java:359) Starting generating demand
254704754619066, [1] [11:12:06.478][INFO] [SwimKernel5] swim.io.warp.WarpWebSocket.generateDemand(WarpWebSocket.java:399) Finished generating demand
254704754741483, [1] [11:12:06.478][INFO] [SwimKernel5] swim.io.warp.WarpWebSocket.generateDemand(WarpWebSocket.java:359) Starting generating demand
254704754788313, [1] [11:12:06.478][INFO] [SwimKernel5] swim.io.warp.WarpWebSocket.generateDemand(WarpWebSocket.java:399) Finished generating demand
254704755190134, [1] [11:12:06.479][INFO] [SwimKernel4] swim.io.warp.WarpWebSocket.generateDemand(WarpWebSocket.java:359) Starting generating demand
254704755310143, [1] [11:12:06.479][INFO] [SwimKernel4] swim.io.warp.WarpWebSocket.generateDemand(WarpWebSocket.java:399) Finished generating demand
254704755465331, [1] [11:12:06.479][INFO] [SwimKernel0] swim.io.warp.WarpWebSocket.generateDemand(WarpWebSocket.java:359) Starting generating demand
254704755556808, [1] [11:12:06.479][INFO] [SwimKernel0] swim.io.warp.WarpWebSocket.generateDemand(WarpWebSocket.java:399) Finished generating demand
254704755808248, [1] [11:12:06.479][INFO] [SwimKernel3] swim.io.warp.WarpWebSocket.generateDemand(WarpWebSocket.java:359) Starting generating demand
254704755860111, [1] [11:12:06.479][INFO] [SwimKernel3] swim.io.warp.WarpWebSocket.generateDemand(WarpWebSocket.java:399) Finished generating demand
254704756150429, [1] [11:12:06.480][INFO] [SwimKernel3] swim.io.warp.WarpWebSocket.generateDemand(WarpWebSocket.java:359) Starting generating demand
254704756196095, [1] [11:12:06.480][INFO] [SwimKernel3] swim.io.warp.WarpWebSocket.generateDemand(WarpWebSocket.java:399) Finished generating demand
254704756324550, [1] [11:12:06.480][INFO] [SwimKernel3] swim.io.warp.WarpWebSocket.generateDemand(WarpWebSocket.java:359) Starting generating demand
254704756412753, [1] [11:12:06.480][INFO] [SwimKernel3] swim.io.warp.WarpWebSocket.generateDemand(WarpWebSocket.java:399) Finished generating demand
254704756463188, [1] [11:12:06.480][INFO] [SwimKernel4] swim.io.warp.WarpWebSocket.generateDemand(WarpWebSocket.java:359) Starting generating demand
254704756534886, [2] [11:12:06.480][INFO] [SwimKernel4] swim.io.warp.WarpWebSocket.generateDemand(WarpWebSocket.java:399) Finished generating demand <----------
254704756766288, [1] [11:12:06.480][INFO] [SwimKernel5] swim.io.warp.WarpWebSocket.generateDemand(WarpWebSocket.java:359) Starting generating demand
254704756817676, [2] [11:12:06.480][INFO] [SwimKernel3] swim.io.warp.WarpWebSocket.generateDemand(WarpWebSocket.java:399) Finished generating demand <----------
254704756947491, [1] [11:12:06.481][INFO] [SwimKernel3] swim.io.warp.WarpWebSocket.generateDemand(WarpWebSocket.java:359) Starting generating demand
254704756999551, [1] [11:12:06.481][INFO] [SwimKernel3] swim.io.warp.WarpWebSocket.generateDemand(WarpWebSocket.java:399) Finished generating demand
254704757304848, [1] [11:12:06.481][INFO] [SwimKernel3] swim.io.warp.WarpWebSocket.generateDemand(WarpWebSocket.java:359) Starting generating demand
254704757356755, [1] [11:12:06.481][INFO] [SwimKernel3] swim.io.warp.WarpWebSocket.generateDemand(WarpWebSocket.java:399) Finished generating demand
254704757477128, [1] [11:12:06.481][INFO] [SwimKernel3] swim.io.warp.WarpWebSocket.generateDemand(WarpWebSocket.java:359) Starting generating demand
254704757530613, [1] [11:12:06.481][INFO] [SwimKernel3] swim.io.warp.WarpWebSocket.generateDemand(WarpWebSocket.java:399) Finished generating demand
254704762663579, [1] [11:12:06.486][INFO] [main] swim.runtime.warp.WarpDownlinkModem.cueUp(WarpDownlinkModem.java:337) Feeding up block. Old status: 11, new status: 110000000011
254704762733345, [1] [11:12:06.486][INFO] [main] swim.remote.RemoteWarpUplink.feedUp(RemoteWarpUplink.java:220) Old status & pulling up is zero <@@@@@@@@@@@@@@@@@@>
254704762793339, [1] [11:12:06.486][INFO] [main] swim.remote.RemoteWarpUplink.feedUp(RemoteWarpUplink.java:228) Starting feeding up. Old status: 10, new status: 100 <@@@@@@@@@@@@@@@@@@>
254704762932085, [1] [11:12:06.487][INFO] [main] swim.io.warp.WarpWebSocket.generateDemand(WarpWebSocket.java:359) Starting generating demand
254704763029080, [1] [11:12:06.487][INFO] [main] swim.runtime.warp.WarpDownlinkModem.pullUp(WarpDownlinkModem.java:415) Reset feeding up? true. Old status: 110000000011, new status: 11
254704763826706, [1] [11:12:06.487][INFO] [main] swim.runtime.warp.WarpDownlinkModem.pullUp(WarpDownlinkModem.java:423) Key queue size: 0
254704763898784, [1] [11:12:06.487][INFO] [main] swim.runtime.warp.WarpDownlinkModem.pullUp(WarpDownlinkModem.java:424) Up queue is empty? true
254704765034820, [1] [11:12:06.489][INFO] [main] swim.remote.RemoteWarpUplink.pushUp(RemoteWarpUplink.java:244) pushUp() called
254704765138363, [1] [11:12:06.489][INFO] [main] swim.remote.RemoteWarpUplink.pushUp(RemoteWarpUplink.java:255) pushUp() status: 0
254704765296306, [1] [11:12:06.489][INFO] [main] swim.io.warp.WarpWebSocket.generateDemand(WarpWebSocket.java:399) Finished generating demand
254704765695132, [1] [11:12:06.489][INFO] [main] swim.runtime.warp.WarpDownlinkModem.cueUp(WarpDownlinkModem.java:337) Feeding up block. Old status: 11, new status: 110000000011
254704765741920, [1] [11:12:06.489][INFO] [main] swim.remote.RemoteWarpUplink.feedUp(RemoteWarpUplink.java:220) Old status & pulling up is zero <@@@@@@@@@@@@@@@@@@>
254704765791952, [2] [11:12:06.489][INFO] [main] swim.remote.RemoteWarpUplink.feedUp(RemoteWarpUplink.java:228) Starting feeding up. Old status: 0, new status: 100 <@@@@@@@@@@@@@@@@@@>
254704765978289, [1] [11:12:06.490][INFO] [main] swim.io.warp.WarpWebSocket.generateDemand(WarpWebSocket.java:359) Starting generating demand
254704766007373, [1] [11:12:06.490][INFO] [SwimKernel0] swim.runtime.warp.WarpDownlinkModem.pullUp(WarpDownlinkModem.java:415) Reset feeding up? true. Old status: 110000000011, new status: 11
254704766023785, [1] [11:12:06.490][INFO] [main] swim.io.warp.WarpWebSocket.generateDemand(WarpWebSocket.java:399) Finished generating demand
254704766140178, [1] [11:12:06.490][INFO] [SwimKernel0] swim.runtime.warp.WarpDownlinkModem.pullUp(WarpDownlinkModem.java:423) Key queue size: 0
254704766190795, [1] [11:12:06.490][INFO] [main] swim.runtime.warp.WarpDownlinkModem.cueUp(WarpDownlinkModem.java:337) Feeding up block. Old status: 11, new status: 110000000011
254704766204274, [1] [11:12:06.490][INFO] [SwimKernel0] swim.runtime.warp.WarpDownlinkModem.pullUp(WarpDownlinkModem.java:424) Up queue is empty? true
254704766246696, [1] [11:12:06.490][INFO] [main] swim.remote.RemoteWarpUplink.feedUp(RemoteWarpUplink.java:223) Old status & pulling up is not equal to zero
254704766283019, [1] [11:12:06.490][INFO] [SwimKernel0] swim.remote.RemoteWarpUplink.pushUp(RemoteWarpUplink.java:244) pushUp() called
254704766293570, [1] [11:12:06.490][INFO] [main] swim.remote.RemoteWarpUplink.feedUp(RemoteWarpUplink.java:231) Already feeding up. Old status: 100, new status: 110 <@@@@@@@@@@@@@@@@@@>
254704766346521, [1] [11:12:06.490][INFO] [SwimKernel0] swim.remote.RemoteWarpUplink.pushUp(RemoteWarpUplink.java:255) pushUp() status: 10
254704766441231, [1] [11:12:06.490][INFO] [main] swim.runtime.warp.WarpDownlinkModem.cueUp(WarpDownlinkModem.java:344) Did break block. Old status: 110000000011, new status: 110000000011
254704766444498, [2] [11:12:06.490][INFO] [SwimKernel0] swim.runtime.warp.MapDownlinkModem.feedUp(MapDownlinkModem.java:140) Key queue is not empty. Calling cueUp() <----------
254704766509510, [1] [11:12:06.490][INFO] [SwimKernel0] swim.io.warp.WarpWebSocket.generateDemand(WarpWebSocket.java:399) Finished generating demand
254704766581358, [3] [11:12:06.490][INFO] [main] swim.runtime.warp.WarpDownlinkModem.cueUp(WarpDownlinkModem.java:344) Did break block. Old status: 110000000011, new status: 110000000011 <----------
254704766886188, [1] [11:12:06.490][INFO] [SwimKernel0] swim.io.warp.WarpWebSocket.generateDemand(WarpWebSocket.java:359) Starting generating demand
254704766938691, [1] [11:12:06.491][INFO] [SwimKernel0] swim.io.warp.WarpWebSocket.generateDemand(WarpWebSocket.java:399) Finished generating demand
254704766953231, [1] [11:12:06.491][INFO] [main] swim.runtime.warp.WarpDownlinkModem.cueUp(WarpDownlinkModem.java:344) Did break block. Old status: 110000000011, new status: 110000000011
254704767056252, [1] [11:12:06.491][INFO] [SwimKernel0] swim.io.warp.WarpWebSocket.generateDemand(WarpWebSocket.java:359) Starting generating demand
254704767079850, [1] [11:12:06.491][INFO] [main] swim.runtime.warp.WarpDownlinkModem.cueUp(WarpDownlinkModem.java:344) Did break block. Old status: 110000000011, new status: 110000000011
254704767102996, [1] [11:12:06.491][INFO] [SwimKernel0] swim.io.warp.WarpWebSocket.generateDemand(WarpWebSocket.java:399) Finished generating demand
254704767250171, [23] [11:12:06.491][INFO] [main] swim.runtime.warp.WarpDownlinkModem.cueUp(WarpDownlinkModem.java:344) Did break block. Old status: 110000000011, new status: 110000000011 <----------
254704771421872, [1] [11:12:06.495][INFO] [SwimKernel0] swim.io.warp.WarpWebSocket.generateDemand(WarpWebSocket.java:359) Starting generating demand
254704771511907, [1] [11:12:06.495][INFO] [SwimKernel0] swim.io.warp.WarpWebSocket.generateDemand(WarpWebSocket.java:399) Finished generating demand
254704771661227, [1] [11:12:06.495][INFO] [SwimKernel0] swim.io.warp.WarpWebSocket.generateDemand(WarpWebSocket.java:359) Starting generating demand
254704771732836, [1] [11:12:06.495][INFO] [SwimKernel0] swim.io.warp.WarpWebSocket.generateDemand(WarpWebSocket.java:399) Finished generating demand
254704772160639, [4] [11:12:06.496][INFO] [main] swim.runtime.warp.WarpDownlinkModem.cueUp(WarpDownlinkModem.java:344) Did break block. Old status: 110000000011, new status: 110000000011 <----------
254704772733245, [1] [11:12:06.496][INFO] [SwimKernel0] swim.io.warp.WarpWebSocket.generateDemand(WarpWebSocket.java:359) Starting generating demand
254704772773016, [1] [11:12:06.496][INFO] [main] swim.runtime.warp.WarpDownlinkModem.cueUp(WarpDownlinkModem.java:344) Did break block. Old status: 110000000011, new status: 110000000011
254704772806009, [1] [11:12:06.496][INFO] [SwimKernel0] swim.io.warp.WarpWebSocket.generateDemand(WarpWebSocket.java:399) Finished generating demand
254704772948640, [1] [11:12:06.497][INFO] [main] swim.runtime.warp.WarpDownlinkModem.cueUp(WarpDownlinkModem.java:344) Did break block. Old status: 110000000011, new status: 110000000011
254704773087618, [1] [11:12:06.497][INFO] [SwimKernel0] swim.io.warp.WarpWebSocket.generateDemand(WarpWebSocket.java:359) Starting generating demand
254704773151838, [1] [11:12:06.497][INFO] [SwimKernel0] swim.io.warp.WarpWebSocket.generateDemand(WarpWebSocket.java:399) Finished generating demand
254704773262594, [1] [11:12:06.497][INFO] [SwimKernel3] swim.io.warp.WarpWebSocket.generateDemand(WarpWebSocket.java:359) Starting generating demand
254704773314616, [1] [11:12:06.497][INFO] [SwimKernel3] swim.io.warp.WarpWebSocket.generateDemand(WarpWebSocket.java:399) Finished generating demand
254704773490519, [1] [11:12:06.497][INFO] [SwimKernel5] swim.io.warp.WarpWebSocket.generateDemand(WarpWebSocket.java:359) Starting generating demand
254704773539899, [1] [11:12:06.497][INFO] [SwimKernel5] swim.io.warp.WarpWebSocket.generateDemand(WarpWebSocket.java:399) Finished generating demand
254704773613712, [1] [11:12:06.497][INFO] [SwimKernel3] swim.io.warp.WarpWebSocket.generateDemand(WarpWebSocket.java:359) Starting generating demand
254704773663469, [2] [11:12:06.497][INFO] [SwimKernel3] swim.io.warp.WarpWebSocket.generateDemand(WarpWebSocket.java:399) Finished generating demand <----------
254704773813494, [2] [11:12:06.497][INFO] [SwimKernel3] swim.io.warp.WarpWebSocket.generateDemand(WarpWebSocket.java:359) Starting generating demand <----------
254704773849260, [1] [11:12:06.497][INFO] [SwimKernel5] swim.io.warp.WarpWebSocket.generateDemand(WarpWebSocket.java:399) Finished generating demand
254704773991619, [1] [11:12:06.498][INFO] [SwimKernel5] swim.io.warp.WarpWebSocket.generateDemand(WarpWebSocket.java:359) Starting generating demand
254704774053308, [1] [11:12:06.498][INFO] [SwimKernel5] swim.io.warp.WarpWebSocket.generateDemand(WarpWebSocket.java:399) Finished generating demand
254704774250474, [7] [11:12:06.498][INFO] [main] swim.runtime.warp.WarpDownlinkModem.cueUp(WarpDownlinkModem.java:344) Did break block. Old status: 110000000011, new status: 110000000011 <----------
254704774924972, [1] [11:12:06.498][INFO] [main] swim.runtime.warp.WarpDownlinkModem.cueUp(WarpDownlinkModem.java:344) Did break block. Old status: 111000000011, new status: 111000000011
254704775095464, [6] [11:12:06.499][INFO] [main] swim.runtime.warp.WarpDownlinkModem.cueUp(WarpDownlinkModem.java:344) Did break block. Old status: 110000000011, new status: 110000000011 <----------
254704775647751, [1] [11:12:06.499][INFO] [SwimKernel4] swim.io.warp.WarpWebSocket.generateDemand(WarpWebSocket.java:359) Starting generating demand
254704775722924, [1] [11:12:06.499][INFO] [SwimKernel4] swim.io.warp.WarpWebSocket.generateDemand(WarpWebSocket.java:399) Finished generating demand
254704775729504, [2] [11:12:06.499][INFO] [main] swim.runtime.warp.WarpDownlinkModem.cueUp(WarpDownlinkModem.java:344) Did break block. Old status: 110000000011, new status: 110000000011 <----------
254704776748409, [1] [11:12:06.500][INFO] [SwimKernel5] swim.io.warp.WarpWebSocket.generateDemand(WarpWebSocket.java:359) Starting generating demand
254704776812253, [1] [11:12:06.500][INFO] [SwimKernel5] swim.io.warp.WarpWebSocket.generateDemand(WarpWebSocket.java:399) Finished generating demand
254704776951464, [1] [11:12:06.501][INFO] [SwimKernel5] swim.io.warp.WarpWebSocket.generateDemand(WarpWebSocket.java:359) Starting generating demand
254704777002783, [1] [11:12:06.501][INFO] [SwimKernel5] swim.io.warp.WarpWebSocket.generateDemand(WarpWebSocket.java:399) Finished generating demand
254704778429525, [7] [11:12:06.502][INFO] [main] swim.runtime.warp.WarpDownlinkModem.cueUp(WarpDownlinkModem.java:344) Did break block. Old status: 110000000011, new status: 110000000011 <----------
254704783184679, [1] [11:12:06.507][INFO] [SwimKernel5] swim.io.warp.WarpWebSocket.generateDemand(WarpWebSocket.java:359) Starting generating demand
254704783382098, [1] [11:12:06.507][INFO] [SwimKernel5] swim.io.warp.WarpWebSocket.generateDemand(WarpWebSocket.java:399) Finished generating demand
254704783386896, [5] [11:12:06.507][INFO] [main] swim.runtime.warp.WarpDownlinkModem.cueUp(WarpDownlinkModem.java:344) Did break block. Old status: 110000000011, new status: 110000000011 <----------
254704785050979, [1] [11:12:06.509][INFO] [SwimKernel0] swim.io.warp.WarpWebSocket.generateDemand(WarpWebSocket.java:359) Starting generating demand
254704785148394, [1] [11:12:06.509][INFO] [SwimKernel0] swim.io.warp.WarpWebSocket.generateDemand(WarpWebSocket.java:399) Finished generating demand
254704785191857, [1] [11:12:06.509][INFO] [main] swim.runtime.warp.WarpDownlinkModem.cueUp(WarpDownlinkModem.java:344) Did break block. Old status: 110000000011, new status: 110000000011
254704785278214, [1] [11:12:06.509][INFO] [SwimKernel0] swim.io.warp.WarpWebSocket.generateDemand(WarpWebSocket.java:359) Starting generating demand
254704785324424, [1] [11:12:06.509][INFO] [main] swim.runtime.warp.WarpDownlinkModem.cueUp(WarpDownlinkModem.java:344) Did break block. Old status: 110000000011, new status: 110000000011
254704785333158, [9933] [11:12:06.509][INFO] [SwimKernel0] swim.io.warp.WarpWebSocket.generateDemand(WarpWebSocket.java:399) Finished generating demand <----------
